-------------------------------------------------------------------------------
Test set: com.org.test.FlightTest
-------------------------------------------------------------------------------
Tests run: 3, Failures: 1, Errors: 0, Skipped: 0, Time elapsed: 0.062 s <<< FAILURE! -- in com.org.test.FlightTest
com.org.test.FlightTest.testToString -- Time elapsed: 0.049 s <<< FAILURE!
org.opentest4j.AssertionFailedError: expected: <Flight [flightNo=1,carrierName=SpiceJet,flightModel=A45RT,seatCapacity=200]> but was: <Flight [flightNo=1, carrierName=SpiceJet, flightModel=A45RT, seatCapacity=200]>
	at org.junit.jupiter.api.AssertionFailureBuilder.build(AssertionFailureBuilder.java:151)
	at org.junit.jupiter.api.AssertionFailureBuilder.buildAndThrow(AssertionFailureBuilder.java:132)
	at org.junit.jupiter.api.AssertEquals.failNotEqual(AssertEquals.java:197)
	at org.junit.jupiter.api.AssertEquals.assertEquals(AssertEquals.java:182)
	at org.junit.jupiter.api.AssertEquals.assertEquals(AssertEquals.java:177)
	at org.junit.jupiter.api.Assertions.assertEquals(Assertions.java:1145)
	at com.org.test.FlightTest.testToString(FlightTest.java:51)
	at java.base/java.lang.reflect.Method.invoke(Method.java:580)
	at java.base/java.util.ArrayList.forEach(ArrayList.java:1596)
	at java.base/java.util.ArrayList.forEach(ArrayList.java:1596)

